This file contains any messages produced by compilers while
running configure, to aid debugging if configure makes a mistake.

It was created by BoardwalK configure 0.1, which was
generated by GNU Autoconf 2.69.  Invocation command line was

  $ ./configure 

## --------- ##
## Platform. ##
## --------- ##

hostname = janacek
uname -m = x86_64
uname -r = 4.4.157
uname -s = Linux
uname -v = #2 SMP Fri Sep 21 00:36:59 CDT 2018

/usr/bin/uname -p = Intel(R) Core(TM) i7-6700K CPU @ 4.00GHz
/bin/uname -X     = unknown

/bin/arch              = x86_64
/usr/bin/arch -k       = unknown
/usr/convex/getsysinfo = unknown
/usr/bin/hostinfo      = unknown
/bin/machine           = unknown
/usr/bin/oslevel       = unknown
/bin/universe          = unknown

PATH: /usr/local/bin
PATH: /usr/bin
PATH: /bin
PATH: /usr/games
PATH: /usr/lib64/kde4/libexec
PATH: /usr/lib64/libreoffice/program
PATH: /usr/lib64/openjdk/bin
PATH: /usr/lib64/openjdk/jre/bin
PATH: /usr/lib64/qt/bin
PATH: /usr/lib64/qt5/bin
PATH: /usr/share/texmf/bin


## ----------- ##
## Core tests. ##
## ----------- ##

configure:2182: checking for a BSD-compatible install
configure:2250: result: /usr/bin/ginstall -c
configure:2261: checking whether build environment is sane
configure:2316: result: yes
configure:2467: checking for a thread-safe mkdir -p
configure:2506: result: /usr/bin/mkdir -p
configure:2513: checking for gawk
configure:2529: found /usr/bin/gawk
configure:2540: result: gawk
configure:2551: checking whether make sets $(MAKE)
configure:2573: result: yes
configure:2602: checking whether make supports nested variables
configure:2619: result: yes
configure:2747: checking whether to enable maintainer-specific portions of Makefiles
configure:2756: result: no
configure:2829: checking for g++
configure:2845: found /usr/bin/g++
configure:2856: result: g++
configure:2883: checking for C++ compiler version
configure:2892: g++ --version >&5
g++ (GCC) 5.5.0
Copyright (C) 2015 Free Software Foundation, Inc.
This is free software; see the source for copying conditions.  There is NO
warranty; not even for MERCHANTABILITY or FITNESS FOR A PARTICULAR PURPOSE.

configure:2903: $? = 0
configure:2892: g++ -v >&5
Reading specs from /usr/lib64/gcc/x86_64-slackware-linux/5.5.0/specs
COLLECT_GCC=g++
COLLECT_LTO_WRAPPER=/usr/libexec/gcc/x86_64-slackware-linux/5.5.0/lto-wrapper
Target: x86_64-slackware-linux
Configured with: ../gcc-5.5.0/configure --prefix=/usr --libdir=/usr/lib64 --mandir=/usr/man --infodir=/usr/info --enable-shared --enable-bootstrap --enable-languages=ada,c,c++,fortran,go,java,lto,objc --enable-threads=posix --enable-checking=release --enable-objc-gc --with-system-zlib --with-python-dir=/lib64/python2.7/site-packages --enable-libstdcxx-dual-abi --with-default-libstdcxx-abi=gcc4-compatible --disable-libunwind-exceptions --enable-__cxa_atexit --enable-libssp --enable-lto --disable-install-libiberty --with-gnu-ld --verbose --enable-java-home --with-java-home=/usr/lib64/jvm/jre --with-jvm-root-dir=/usr/lib64/jvm --with-jvm-jar-dir=/usr/lib64/jvm/jvm-exports --with-arch-directory=amd64 --with-antlr-jar=/home/slackware/slackbuilds/gcc-5.5.0/antlr-runtime-3.4.jar --enable-multilib --target=x86_64-slackware-linux --build=x86_64-slackware-linux --host=x86_64-slackware-linux
Thread model: posix
gcc version 5.5.0 (GCC) 
configure:2903: $? = 0
configure:2892: g++ -V >&5
g++: error: unrecognized command line option '-V'
g++: fatal error: no input files
compilation terminated.
configure:2903: $? = 1
configure:2892: g++ -qversion >&5
g++: error: unrecognized command line option '-qversion'
g++: fatal error: no input files
compilation terminated.
configure:2903: $? = 1
configure:2923: checking whether the C++ compiler works
configure:2945: g++  -I/usr/include/KDE  conftest.cpp  >&5
configure:2949: $? = 0
configure:2997: result: yes
configure:3000: checking for C++ compiler default output file name
configure:3002: result: a.out
configure:3008: checking for suffix of executables
configure:3015: g++ -o conftest  -I/usr/include/KDE  conftest.cpp  >&5
configure:3019: $? = 0
configure:3041: result: 
configure:3063: checking whether we are cross compiling
configure:3071: g++ -o conftest  -I/usr/include/KDE  conftest.cpp  >&5
configure:3075: $? = 0
configure:3082: ./conftest
configure:3086: $? = 0
configure:3101: result: no
configure:3106: checking for suffix of object files
configure:3128: g++ -c  -I/usr/include/KDE conftest.cpp >&5
configure:3132: $? = 0
configure:3153: result: o
configure:3157: checking whether we are using the GNU C++ compiler
configure:3176: g++ -c  -I/usr/include/KDE conftest.cpp >&5
configure:3176: $? = 0
configure:3185: result: yes
configure:3194: checking whether g++ accepts -g
configure:3214: g++ -c -g -I/usr/include/KDE conftest.cpp >&5
configure:3214: $? = 0
configure:3255: result: yes
configure:3289: checking for style of include used by make
configure:3317: result: GNU
configure:3343: checking dependency style of g++
configure:3454: result: gcc3
configure:3517: checking for gcc
configure:3533: found /usr/bin/gcc
configure:3544: result: gcc
configure:3773: checking for C compiler version
configure:3782: gcc --version >&5
gcc (GCC) 5.5.0
Copyright (C) 2015 Free Software Foundation, Inc.
This is free software; see the source for copying conditions.  There is NO
warranty; not even for MERCHANTABILITY or FITNESS FOR A PARTICULAR PURPOSE.

configure:3793: $? = 0
configure:3782: gcc -v >&5
Reading specs from /usr/lib64/gcc/x86_64-slackware-linux/5.5.0/specs
COLLECT_GCC=gcc
COLLECT_LTO_WRAPPER=/usr/libexec/gcc/x86_64-slackware-linux/5.5.0/lto-wrapper
Target: x86_64-slackware-linux
Configured with: ../gcc-5.5.0/configure --prefix=/usr --libdir=/usr/lib64 --mandir=/usr/man --infodir=/usr/info --enable-shared --enable-bootstrap --enable-languages=ada,c,c++,fortran,go,java,lto,objc --enable-threads=posix --enable-checking=release --enable-objc-gc --with-system-zlib --with-python-dir=/lib64/python2.7/site-packages --enable-libstdcxx-dual-abi --with-default-libstdcxx-abi=gcc4-compatible --disable-libunwind-exceptions --enable-__cxa_atexit --enable-libssp --enable-lto --disable-install-libiberty --with-gnu-ld --verbose --enable-java-home --with-java-home=/usr/lib64/jvm/jre --with-jvm-root-dir=/usr/lib64/jvm --with-jvm-jar-dir=/usr/lib64/jvm/jvm-exports --with-arch-directory=amd64 --with-antlr-jar=/home/slackware/slackbuilds/gcc-5.5.0/antlr-runtime-3.4.jar --enable-multilib --target=x86_64-slackware-linux --build=x86_64-slackware-linux --host=x86_64-slackware-linux
Thread model: posix
gcc version 5.5.0 (GCC) 
configure:3793: $? = 0
configure:3782: gcc -V >&5
gcc: error: unrecognized command line option '-V'
gcc: fatal error: no input files
compilation terminated.
configure:3793: $? = 1
configure:3782: gcc -qversion >&5
gcc: error: unrecognized command line option '-qversion'
gcc: fatal error: no input files
compilation terminated.
configure:3793: $? = 1
configure:3797: checking whether we are using the GNU C compiler
configure:3816: gcc -c  -I/usr/include/KDE conftest.c >&5
configure:3816: $? = 0
configure:3825: result: yes
configure:3834: checking whether gcc accepts -g
configure:3854: gcc -c -g -I/usr/include/KDE conftest.c >&5
configure:3854: $? = 0
configure:3895: result: yes
configure:3912: checking for gcc option to accept ISO C89
configure:3975: gcc  -c -g -O2 -I/usr/include/KDE conftest.c >&5
configure:3975: $? = 0
configure:3988: result: none needed
configure:4013: checking whether gcc understands -c and -o together
configure:4035: gcc -c conftest.c -o conftest2.o
configure:4038: $? = 0
configure:4035: gcc -c conftest.c -o conftest2.o
configure:4038: $? = 0
configure:4050: result: yes
configure:4069: checking dependency style of gcc
configure:4180: result: gcc3
configure:4205: checking how to run the C preprocessor
configure:4236: gcc -E -I/usr/include/KDE conftest.c
configure:4236: $? = 0
configure:4250: gcc -E -I/usr/include/KDE conftest.c
conftest.c:11:28: fatal error: ac_nonexistent.h: No such file or directory
compilation terminated.
configure:4250: $? = 1
configure: failed program was:
| /* confdefs.h */
| #define PACKAGE_NAME "BoardwalK"
| #define PACKAGE_TARNAME "boardwalk"
| #define PACKAGE_VERSION "0.1"
| #define PACKAGE_STRING "BoardwalK 0.1"
| #define PACKAGE_BUGREPORT "boardwalk-bugs@kurtweber.us"
| #define PACKAGE_URL ""
| #define PACKAGE "boardwalk"
| #define VERSION "0.1"
| /* end confdefs.h.  */
| #include <ac_nonexistent.h>
configure:4275: result: gcc -E
configure:4295: gcc -E -I/usr/include/KDE conftest.c
configure:4295: $? = 0
configure:4309: gcc -E -I/usr/include/KDE conftest.c
conftest.c:11:28: fatal error: ac_nonexistent.h: No such file or directory
compilation terminated.
configure:4309: $? = 1
configure: failed program was:
| /* confdefs.h */
| #define PACKAGE_NAME "BoardwalK"
| #define PACKAGE_TARNAME "boardwalk"
| #define PACKAGE_VERSION "0.1"
| #define PACKAGE_STRING "BoardwalK 0.1"
| #define PACKAGE_BUGREPORT "boardwalk-bugs@kurtweber.us"
| #define PACKAGE_URL ""
| #define PACKAGE "boardwalk"
| #define VERSION "0.1"
| /* end confdefs.h.  */
| #include <ac_nonexistent.h>
configure:4338: checking for grep that handles long lines and -e
configure:4396: result: /usr/bin/grep
configure:4401: checking for egrep
configure:4463: result: /usr/bin/grep -E
configure:4468: checking for ANSI C header files
configure:4488: gcc -c -g -O2 -I/usr/include/KDE conftest.c >&5
configure:4488: $? = 0
configure:4561: gcc -o conftest -g -O2 -I/usr/include/KDE  conftest.c  >&5
configure:4561: $? = 0
configure:4561: ./conftest
configure:4561: $? = 0
configure:4572: result: yes
configure:4585: checking for sys/types.h
configure:4585: gcc -c -g -O2 -I/usr/include/KDE conftest.c >&5
configure:4585: $? = 0
configure:4585: result: yes
configure:4585: checking for sys/stat.h
configure:4585: gcc -c -g -O2 -I/usr/include/KDE conftest.c >&5
configure:4585: $? = 0
configure:4585: result: yes
configure:4585: checking for stdlib.h
configure:4585: gcc -c -g -O2 -I/usr/include/KDE conftest.c >&5
configure:4585: $? = 0
configure:4585: result: yes
configure:4585: checking for string.h
configure:4585: gcc -c -g -O2 -I/usr/include/KDE conftest.c >&5
configure:4585: $? = 0
configure:4585: result: yes
configure:4585: checking for memory.h
configure:4585: gcc -c -g -O2 -I/usr/include/KDE conftest.c >&5
configure:4585: $? = 0
configure:4585: result: yes
configure:4585: checking for strings.h
configure:4585: gcc -c -g -O2 -I/usr/include/KDE conftest.c >&5
configure:4585: $? = 0
configure:4585: result: yes
configure:4585: checking for inttypes.h
configure:4585: gcc -c -g -O2 -I/usr/include/KDE conftest.c >&5
configure:4585: $? = 0
configure:4585: result: yes
configure:4585: checking for stdint.h
configure:4585: gcc -c -g -O2 -I/usr/include/KDE conftest.c >&5
configure:4585: $? = 0
configure:4585: result: yes
configure:4585: checking for unistd.h
configure:4585: gcc -c -g -O2 -I/usr/include/KDE conftest.c >&5
configure:4585: $? = 0
configure:4585: result: yes
configure:4599: checking for unistd.h
configure:4599: result: yes
configure:4622: checking for libkdecore
configure:4638: g++ -o conftest -g -O2 -I/usr/include/KDE  conftest.cpp  -lkdecore >&5
configure:4638: $? = 0
configure:4641: result: found
configure:4649: checking for libQtCore
configure:4664: g++ -o conftest -g -O2 -I/usr/include/KDE  conftest.cpp  -lkdecore -lQtCore >&5
configure:4664: $? = 0
configure:4667: result: found
configure:4675: checking for libkdeui
configure:4690: g++ -o conftest -g -O2 -I/usr/include/KDE  conftest.cpp  -lkdecore -lQtCore -lkdeui >&5
configure:4690: $? = 0
configure:4693: result: found
configure:4817: checking that generated files are newer than configure
configure:4823: result: done
configure:4854: creating ./config.status

## ---------------------- ##
## Running config.status. ##
## ---------------------- ##

This file was extended by BoardwalK config.status 0.1, which was
generated by GNU Autoconf 2.69.  Invocation command line was

  CONFIG_FILES    = 
  CONFIG_HEADERS  = 
  CONFIG_LINKS    = 
  CONFIG_COMMANDS = 
  $ ./config.status 

on janacek

config.status:865: creating Makefile
config.status:865: creating client/Makefile
config.status:865: creating server/Makefile
config.status:865: creating config.h
config.status:1046: config.h is unchanged
config.status:1094: executing depfiles commands

## ---------------- ##
## Cache variables. ##
## ---------------- ##

ac_cv_c_compiler_gnu=yes
ac_cv_cxx_compiler_gnu=yes
ac_cv_env_CCC_set=
ac_cv_env_CCC_value=
ac_cv_env_CC_set=
ac_cv_env_CC_value=
ac_cv_env_CFLAGS_set=
ac_cv_env_CFLAGS_value=
ac_cv_env_CPPFLAGS_set=set
ac_cv_env_CPPFLAGS_value=-I/usr/include/KDE
ac_cv_env_CPP_set=
ac_cv_env_CPP_value=
ac_cv_env_CXXFLAGS_set=
ac_cv_env_CXXFLAGS_value=
ac_cv_env_CXX_set=
ac_cv_env_CXX_value=
ac_cv_env_LDFLAGS_set=
ac_cv_env_LDFLAGS_value=
ac_cv_env_LIBS_set=
ac_cv_env_LIBS_value=
ac_cv_env_build_alias_set=
ac_cv_env_build_alias_value=
ac_cv_env_host_alias_set=
ac_cv_env_host_alias_value=
ac_cv_env_target_alias_set=
ac_cv_env_target_alias_value=
ac_cv_header_inttypes_h=yes
ac_cv_header_memory_h=yes
ac_cv_header_stdc=yes
ac_cv_header_stdint_h=yes
ac_cv_header_stdlib_h=yes
ac_cv_header_string_h=yes
ac_cv_header_strings_h=yes
ac_cv_header_sys_stat_h=yes
ac_cv_header_sys_types_h=yes
ac_cv_header_unistd_h=yes
ac_cv_objext=o
ac_cv_path_EGREP='/usr/bin/grep -E'
ac_cv_path_GREP=/usr/bin/grep
ac_cv_path_install='/usr/bin/ginstall -c'
ac_cv_path_mkdir=/usr/bin/mkdir
ac_cv_prog_AWK=gawk
ac_cv_prog_CPP='gcc -E'
ac_cv_prog_ac_ct_CC=gcc
ac_cv_prog_ac_ct_CXX=g++
ac_cv_prog_cc_c89=
ac_cv_prog_cc_g=yes
ac_cv_prog_cxx_g=yes
ac_cv_prog_make_make_set=yes
am_cv_CC_dependencies_compiler_type=gcc3
am_cv_CXX_dependencies_compiler_type=gcc3
am_cv_make_support_nested_variables=yes
am_cv_prog_cc_c_o=yes

## ----------------- ##
## Output variables. ##
## ----------------- ##

ACLOCAL='${SHELL} /home/kmw/prog/boardwalk/missing aclocal-1.15'
AMDEPBACKSLASH='\'
AMDEP_FALSE='#'
AMDEP_TRUE=''
AMTAR='$${TAR-tar}'
AM_BACKSLASH='\'
AM_DEFAULT_V='$(AM_DEFAULT_VERBOSITY)'
AM_DEFAULT_VERBOSITY='1'
AM_V='$(V)'
AUTOCONF='${SHELL} /home/kmw/prog/boardwalk/missing autoconf'
AUTOHEADER='${SHELL} /home/kmw/prog/boardwalk/missing autoheader'
AUTOMAKE='${SHELL} /home/kmw/prog/boardwalk/missing automake-1.15'
AWK='gawk'
CC='gcc'
CCDEPMODE='depmode=gcc3'
CFLAGS='-g -O2'
CLIENT_LIBS=' -lkdecore -lQtCore -lkdeui'
CPP='gcc -E'
CPPFLAGS='-I/usr/include/KDE'
CXX='g++'
CXXDEPMODE='depmode=gcc3'
CXXFLAGS='-g -O2'
CYGPATH_W='echo'
DEFS='-DHAVE_CONFIG_H'
DEPDIR='.deps'
ECHO_C=''
ECHO_N='-n'
ECHO_T=''
EGREP='/usr/bin/grep -E'
EXEEXT=''
GREP='/usr/bin/grep'
INSTALL_DATA='${INSTALL} -m 644'
INSTALL_PROGRAM='${INSTALL}'
INSTALL_SCRIPT='${INSTALL}'
INSTALL_STRIP_PROGRAM='$(install_sh) -c -s'
LDFLAGS=''
LIBOBJS=''
LIBS=' -lkdecore -lQtCore'
LTLIBOBJS=''
MAINT='#'
MAINTAINER_MODE_FALSE=''
MAINTAINER_MODE_TRUE='#'
MAKEINFO='${SHELL} /home/kmw/prog/boardwalk/missing makeinfo'
MKDIR_P='/usr/bin/mkdir -p'
OBJEXT='o'
PACKAGE='boardwalk'
PACKAGE_BUGREPORT='boardwalk-bugs@kurtweber.us'
PACKAGE_NAME='BoardwalK'
PACKAGE_STRING='BoardwalK 0.1'
PACKAGE_TARNAME='boardwalk'
PACKAGE_URL=''
PACKAGE_VERSION='0.1'
PATH_SEPARATOR=':'
SET_MAKE=''
SHELL='/bin/sh'
STRIP=''
VERSION='0.1'
ac_ct_CC='gcc'
ac_ct_CXX='g++'
am__EXEEXT_FALSE=''
am__EXEEXT_TRUE='#'
am__fastdepCC_FALSE='#'
am__fastdepCC_TRUE=''
am__fastdepCXX_FALSE='#'
am__fastdepCXX_TRUE=''
am__include='include'
am__isrc=''
am__leading_dot='.'
am__nodep='_no'
am__quote=''
am__tar='$${TAR-tar} chof - "$$tardir"'
am__untar='$${TAR-tar} xf -'
bindir='${exec_prefix}/bin'
build_alias=''
datadir='${datarootdir}'
datarootdir='${prefix}/share'
docdir='${datarootdir}/doc/${PACKAGE_TARNAME}'
dvidir='${docdir}'
exec_prefix='${prefix}'
host_alias=''
htmldir='${docdir}'
includedir='${prefix}/include'
infodir='${datarootdir}/info'
install_sh='${SHELL} /home/kmw/prog/boardwalk/install-sh'
libdir='${exec_prefix}/lib'
libexecdir='${exec_prefix}/libexec'
localedir='${datarootdir}/locale'
localstatedir='${prefix}/var'
mandir='${datarootdir}/man'
mkdir_p='$(MKDIR_P)'
oldincludedir='/usr/include'
pdfdir='${docdir}'
prefix='/usr/local'
program_transform_name='s,x,x,'
psdir='${docdir}'
sbindir='${exec_prefix}/sbin'
sharedstatedir='${prefix}/com'
sysconfdir='${prefix}/etc'
target_alias=''

## ----------- ##
## confdefs.h. ##
## ----------- ##

/* confdefs.h */
#define PACKAGE_NAME "BoardwalK"
#define PACKAGE_TARNAME "boardwalk"
#define PACKAGE_VERSION "0.1"
#define PACKAGE_STRING "BoardwalK 0.1"
#define PACKAGE_BUGREPORT "boardwalk-bugs@kurtweber.us"
#define PACKAGE_URL ""
#define PACKAGE "boardwalk"
#define VERSION "0.1"
#define STDC_HEADERS 1
#define HAVE_SYS_TYPES_H 1
#define HAVE_SYS_STAT_H 1
#define HAVE_STDLIB_H 1
#define HAVE_STRING_H 1
#define HAVE_MEMORY_H 1
#define HAVE_STRINGS_H 1
#define HAVE_INTTYPES_H 1
#define HAVE_STDINT_H 1
#define HAVE_UNISTD_H 1
#define HAVE_UNISTD_H 1

configure: exit 0
